<?xml version="1.0" encoding="UTF-8" ?>
<testsuite tests="17" failures="0" name="applicationModel.TestFactory" time="0" errors="0" skipped="0">
  <properties>
    <property name="jna.platform.library.path" value="/usr/lib/i386-linux-gnu:/lib/i386-linux-gnu:/usr/lib:/lib:/usr/lib/i386-linux-gnu/i686/sse2:/usr/lib/i386-linux-gnu/sse2:/usr/lib/i386-linux-gnu/libfakeroot"/>
    <property name="java.runtime.name" value="OpenJDK Runtime Environment"/>
    <property name="sun.boot.library.path" value="/usr/lib/jvm/java-8-openjdk-i386/jre/lib/i386"/>
    <property name="java.vm.version" value="25.212-b03"/>
    <property name="java.vm.vendor" value="Oracle Corporation"/>
    <property name="maven.multiModuleProjectDirectory" value="/home/chesire/Escritorio/INTEFACES0 (otra copia)/model"/>
    <property name="java.vendor.url" value="http://java.oracle.com/"/>
    <property name="path.separator" value=":"/>
    <property name="guice.disable.misplaced.annotation.check" value="true"/>
    <property name="java.vm.name" value="OpenJDK Server VM"/>
    <property name="file.encoding.pkg" value="sun.io"/>
    <property name="jna.loaded" value="true"/>
    <property name="user.country" value="AR"/>
    <property name="sun.java.launcher" value="SUN_STANDARD"/>
    <property name="sun.os.patch.level" value="unknown"/>
    <property name="java.vm.specification.name" value="Java Virtual Machine Specification"/>
    <property name="user.dir" value="/home/chesire/Escritorio/INTEFACES0 (otra copia)/model"/>
    <property name="java.runtime.version" value="1.8.0_212-8u212-b03-0ubuntu1.18.04.1-b03"/>
    <property name="java.awt.graphicsenv" value="sun.awt.X11GraphicsEnvironment"/>
    <property name="java.endorsed.dirs" value="/usr/lib/jvm/java-8-openjdk-i386/jre/lib/endorsed"/>
    <property name="os.arch" value="i386"/>
    <property name="java.io.tmpdir" value="/tmp"/>
    <property name="line.separator" value="
"/>
    <property name="java.vm.specification.vendor" value="Oracle Corporation"/>
    <property name="os.name" value="Linux"/>
    <property name="classworlds.conf" value="/home/chesire/Escritorio/ideaIU-2019.1.1/idea-IU-191.6707.61/plugins/maven/lib/maven3/bin/m2.conf"/>
    <property name="sun.jnu.encoding" value="UTF-8"/>
    <property name="jnidispatch.path" value="/tmp/jna-742789033/jna9055652900960515094.tmp"/>
    <property name="java.library.path" value="/usr/java/packages/lib/i386:/usr/lib/i386-linux-gnu/jni:/lib/i386-linux-gnu:/usr/lib/i386-linux-gnu:/usr/lib/jni:/lib:/usr/lib"/>
    <property name="java.specification.name" value="Java Platform API Specification"/>
    <property name="java.class.version" value="52.0"/>
    <property name="sun.management.compiler" value="HotSpot Tiered Compilers"/>
    <property name="os.version" value="4.15.0-50-generic"/>
    <property name="user.home" value="/home/chesire"/>
    <property name="user.timezone" value="America/Argentina/Buenos_Aires"/>
    <property name="java.awt.printerjob" value="sun.print.PSPrinterJob"/>
    <property name="java.specification.version" value="1.8"/>
    <property name="file.encoding" value="UTF-8"/>
    <property name="user.name" value="chesire"/>
    <property name="java.class.path" value="/home/chesire/Escritorio/ideaIU-2019.1.1/idea-IU-191.6707.61/plugins/maven/lib/maven3/boot/plexus-classworlds-2.5.2.jar"/>
    <property name="java.vm.specification.version" value="1.8"/>
    <property name="sun.arch.data.model" value="32"/>
    <property name="java.home" value="/usr/lib/jvm/java-8-openjdk-i386/jre"/>
    <property name="sun.java.command" value="org.codehaus.classworlds.Launcher -Didea.version2019.1.1 install"/>
    <property name="java.specification.vendor" value="Oracle Corporation"/>
    <property name="user.language" value="es"/>
    <property name="awt.toolkit" value="sun.awt.X11.XToolkit"/>
    <property name="java.vm.info" value="mixed mode"/>
    <property name="idea.version2019.1.1" value="true"/>
    <property name="java.version" value="1.8.0_212"/>
    <property name="java.ext.dirs" value="/usr/lib/jvm/java-8-openjdk-i386/jre/lib/ext:/usr/java/packages/lib/ext"/>
    <property name="securerandom.source" value="file:/dev/./urandom"/>
    <property name="sun.boot.class.path" value="/usr/lib/jvm/java-8-openjdk-i386/jre/lib/resources.jar:/usr/lib/jvm/java-8-openjdk-i386/jre/lib/rt.jar:/usr/lib/jvm/java-8-openjdk-i386/jre/lib/sunrsasign.jar:/usr/lib/jvm/java-8-openjdk-i386/jre/lib/jsse.jar:/usr/lib/jvm/java-8-openjdk-i386/jre/lib/jce.jar:/usr/lib/jvm/java-8-openjdk-i386/jre/lib/charsets.jar:/usr/lib/jvm/java-8-openjdk-i386/jre/lib/jfr.jar:/usr/lib/jvm/java-8-openjdk-i386/jre/classes"/>
    <property name="java.vendor" value="Oracle Corporation"/>
    <property name="maven.home" value="/home/chesire/Escritorio/ideaIU-2019.1.1/idea-IU-191.6707.61/plugins/maven/lib/maven3"/>
    <property name="file.separator" value="/"/>
    <property name="java.vendor.url.bug" value="http://bugreport.sun.com/bugreport/"/>
    <property name="sun.cpu.endian" value="little"/>
    <property name="sun.io.unicode.encoding" value="UnicodeLittle"/>
    <property name="sun.desktop" value="gnome"/>
    <property name="sun.cpu.isalist" value=""/>
  </properties>
  <testcase classname="applicationModel.TestFactory" name="testMenuFactoryHasIniciallyTheCounterInZero" time="0"/>
  <testcase classname="applicationModel.TestFactory" name="theRestaurantFactoryIncreasesItsCodeByOneWhenItCreatesARestaurant" time="0"/>
  <testcase classname="applicationModel.TestFactory" name="theProductFactoryIncreasesItsCodeByOneWhenItCreatesAProduct" time="0"/>
  <testcase classname="applicationModel.TestFactory" name="testProductFactoryReturnsAConsistentProduct" time="0"/>
  <testcase classname="applicationModel.TestFactory" name="testOrderFactoryHasIniciallyTheCounterInOne" time="0"/>
  <testcase classname="applicationModel.TestFactory" name="testOrderFactoryReturnsAConsistentOrder" time="0"/>
  <testcase classname="applicationModel.TestFactory" name="testRestaurantFactoryReturnsAConsistentRestaurant" time="0"/>
  <testcase classname="applicationModel.TestFactory" name="theClientFactoryIncreasesItsCounterWhenItCreatesAnClientOrASupervisor" time="0"/>
  <testcase classname="applicationModel.TestFactory" name="testClientFactoryReturnsAConsistentSupervisor" time="0"/>
  <testcase classname="applicationModel.TestFactory" name="theOrderFactoryIncreasesItsCodeByOneWhenItCreatesAnOrder" time="0"/>
  <testcase classname="applicationModel.TestFactory" name="theClientFactoryIncreasesItsCodeByOneWhenItCreatesAnOrder" time="0"/>
  <testcase classname="applicationModel.TestFactory" name="testProductFactoryHasIniciallyTheCounterInZero" time="0"/>
  <testcase classname="applicationModel.TestFactory" name="theMenuFactoryIncreasesItsCodeByOneWhenItCreatesAMenu" time="0"/>
  <testcase classname="applicationModel.TestFactory" name="testMenuFactoryReturnsAConsistentMenu" time="0"/>
  <testcase classname="applicationModel.TestFactory" name="testRestaurantFactoryHasIniciallyTheCounterInZero" time="0"/>
  <testcase classname="applicationModel.TestFactory" name="testClientFactoryHasIniciallyTheCounterInZero" time="0"/>
  <testcase classname="applicationModel.TestFactory" name="testClientFactoryReturnsAConsistentClient" time="0"/>
</testsuite>